{"/Users/andrea/teaching/isa6-fullstack/api/src/app.ts": {"path":"/Users/andrea/teaching/isa6-fullstack/api/src/app.ts","statementMap":{"0":{"start":{"line":2,"column":0},"end":{"line":2,"column":30}},"1":{"start":{"line":3,"column":0},"end":{"line":3,"column":24}},"2":{"start":{"line":4,"column":0},"end":{"line":4,"column":32}},"3":{"start":{"line":6,"column":0},"end":{"line":6,"column":46}},"4":{"start":{"line":7,"column":0},"end":{"line":7,"column":41}},"5":{"start":{"line":8,"column":0},"end":{"line":8,"column":39}},"6":{"start":{"line":9,"column":0},"end":{"line":9,"column":48}},"7":{"start":{"line":11,"column":12},"end":{"line":11,"column":21}},"8":{"start":{"line":12,"column":0},"end":{"line":12,"column":24}},"9":{"start":{"line":13,"column":0},"end":{"line":13,"column":16}},"10":{"start":{"line":14,"column":0},"end":{"line":14,"column":31}},"11":{"start":{"line":15,"column":0},"end":{"line":15,"column":26}},"12":{"start":{"line":18,"column":0},"end":{"line":18,"column":36}},"13":{"start":{"line":19,"column":0},"end":{"line":19,"column":32}},"14":{"start":{"line":20,"column":0},"end":{"line":20,"column":30}},"15":{"start":{"line":22,"column":0},"end":{"line":22,"column":19}}},"fnMap":{},"branchMap":{},"s":{"0":1,"1":1,"2":1,"3":1,"4":1,"5":1,"6":1,"7":1,"8":1,"9":1,"10":1,"11":1,"12":1,"13":1,"14":1,"15":1},"f":{},"b":{}}
,"/Users/andrea/teaching/isa6-fullstack/api/src/config/passport.ts": {"path":"/Users/andrea/teaching/isa6-fullstack/api/src/config/passport.ts","statementMap":{"0":{"start":{"line":1,"column":0},"end":{"line":1,"column":67}},"1":{"start":{"line":2,"column":0},"end":{"line":2,"column":28}},"2":{"start":{"line":4,"column":0},"end":{"line":4,"column":44}},"3":{"start":{"line":6,"column":0},"end":{"line":6,"column":16}},"4":{"start":{"line":7,"column":19},"end":{"line":7,"column":51}},"5":{"start":{"line":9,"column":13},"end":{"line":19,"column":2}},"6":{"start":{"line":14,"column":36},"end":{"line":18,"column":null}},"7":{"start":{"line":15,"column":22},"end":{"line":15,"column":35}},"8":{"start":{"line":16,"column":22},"end":{"line":16,"column":67}},"9":{"start":{"line":17,"column":4},"end":{"line":17,"column":26}}},"fnMap":{"0":{"name":"(anonymous_8)","decl":{"start":{"line":14,"column":2},"end":{"line":14,"column":9}},"loc":{"start":{"line":14,"column":36},"end":{"line":18,"column":null}}},"1":{"name":"(anonymous_9)","decl":{"start":{"line":14,"column":36},"end":{"line":14,"column":null}},"loc":{"start":{"line":14,"column":36},"end":{"line":18,"column":3}}}},"branchMap":{},"s":{"0":1,"1":1,"2":1,"3":1,"4":1,"5":1,"6":0,"7":0,"8":0,"9":0},"f":{"0":0,"1":0},"b":{}}
,"/Users/andrea/teaching/isa6-fullstack/api/src/controllers/order.ts": {"path":"/Users/andrea/teaching/isa6-fullstack/api/src/controllers/order.ts","statementMap":{"0":{"start":{"line":2,"column":0},"end":{"line":2,"column":35}},"1":{"start":{"line":3,"column":0},"end":{"line":3,"column":45}},"2":{"start":{"line":5,"column":27},"end":{"line":16,"column":2}},"3":{"start":{"line":5,"column":74},"end":{"line":16,"column":2}},"4":{"start":{"line":6,"column":2},"end":{"line":15,"column":null}},"5":{"start":{"line":7,"column":21},"end":{"line":10,"column":6}},"6":{"start":{"line":11,"column":22},"end":{"line":11,"column":62}},"7":{"start":{"line":12,"column":4},"end":{"line":12,"column":29}},"8":{"start":{"line":14,"column":4},"end":{"line":14,"column":23}},"9":{"start":{"line":5,"column":13},"end":{"line":5,"column":27}},"10":{"start":{"line":18,"column":42},"end":{"line":28,"column":2}},"11":{"start":{"line":21,"column":4},"end":{"line":28,"column":2}},"12":{"start":{"line":22,"column":2},"end":{"line":27,"column":null}},"13":{"start":{"line":23,"column":23},"end":{"line":23,"column":77}},"14":{"start":{"line":24,"column":4},"end":{"line":24,"column":30}},"15":{"start":{"line":26,"column":4},"end":{"line":26,"column":23}},"16":{"start":{"line":18,"column":13},"end":{"line":18,"column":42}}},"fnMap":{"0":{"name":"(anonymous_8)","decl":{"start":{"line":5,"column":27},"end":{"line":5,"column":34}},"loc":{"start":{"line":5,"column":74},"end":{"line":16,"column":2}}},"1":{"name":"(anonymous_9)","decl":{"start":{"line":5,"column":74},"end":{"line":5,"column":null}},"loc":{"start":{"line":5,"column":74},"end":{"line":16,"column":1}}},"2":{"name":"(anonymous_10)","decl":{"start":{"line":18,"column":42},"end":{"line":18,"column":null}},"loc":{"start":{"line":21,"column":4},"end":{"line":28,"column":2}}},"3":{"name":"(anonymous_11)","decl":{"start":{"line":21,"column":4},"end":{"line":21,"column":null}},"loc":{"start":{"line":21,"column":4},"end":{"line":28,"column":1}}}},"branchMap":{},"s":{"0":1,"1":1,"2":1,"3":0,"4":0,"5":0,"6":0,"7":0,"8":0,"9":1,"10":1,"11":0,"12":0,"13":0,"14":0,"15":0,"16":1},"f":{"0":0,"1":0,"2":0,"3":0},"b":{}}
,"/Users/andrea/teaching/isa6-fullstack/api/src/controllers/products.ts": {"path":"/Users/andrea/teaching/isa6-fullstack/api/src/controllers/products.ts","statementMap":{"0":{"start":{"line":2,"column":0},"end":{"line":2,"column":39}},"1":{"start":{"line":3,"column":0},"end":{"line":3,"column":49}},"2":{"start":{"line":5,"column":30},"end":{"line":12,"column":2}},"3":{"start":{"line":5,"column":77},"end":{"line":12,"column":2}},"4":{"start":{"line":6,"column":2},"end":{"line":11,"column":null}},"5":{"start":{"line":7,"column":24},"end":{"line":7,"column":61}},"6":{"start":{"line":8,"column":4},"end":{"line":8,"column":31}},"7":{"start":{"line":10,"column":4},"end":{"line":10,"column":23}},"8":{"start":{"line":5,"column":13},"end":{"line":5,"column":30}},"9":{"start":{"line":14,"column":29},"end":{"line":25,"column":2}},"10":{"start":{"line":14,"column":76},"end":{"line":25,"column":2}},"11":{"start":{"line":15,"column":2},"end":{"line":24,"column":null}},"12":{"start":{"line":16,"column":23},"end":{"line":19,"column":6}},"13":{"start":{"line":20,"column":20},"end":{"line":20,"column":66}},"14":{"start":{"line":21,"column":4},"end":{"line":21,"column":27}},"15":{"start":{"line":23,"column":4},"end":{"line":23,"column":23}},"16":{"start":{"line":14,"column":13},"end":{"line":14,"column":29}},"17":{"start":{"line":27,"column":30},"end":{"line":34,"column":2}},"18":{"start":{"line":27,"column":77},"end":{"line":34,"column":2}},"19":{"start":{"line":28,"column":2},"end":{"line":33,"column":null}},"20":{"start":{"line":29,"column":24},"end":{"line":29,"column":78}},"21":{"start":{"line":30,"column":4},"end":{"line":30,"column":31}},"22":{"start":{"line":32,"column":4},"end":{"line":32,"column":23}},"23":{"start":{"line":27,"column":13},"end":{"line":27,"column":30}}},"fnMap":{"0":{"name":"(anonymous_8)","decl":{"start":{"line":5,"column":30},"end":{"line":5,"column":37}},"loc":{"start":{"line":5,"column":77},"end":{"line":12,"column":2}}},"1":{"name":"(anonymous_9)","decl":{"start":{"line":5,"column":77},"end":{"line":5,"column":null}},"loc":{"start":{"line":5,"column":77},"end":{"line":12,"column":1}}},"2":{"name":"(anonymous_10)","decl":{"start":{"line":14,"column":29},"end":{"line":14,"column":36}},"loc":{"start":{"line":14,"column":76},"end":{"line":25,"column":2}}},"3":{"name":"(anonymous_11)","decl":{"start":{"line":14,"column":76},"end":{"line":14,"column":null}},"loc":{"start":{"line":14,"column":76},"end":{"line":25,"column":1}}},"4":{"name":"(anonymous_12)","decl":{"start":{"line":27,"column":30},"end":{"line":27,"column":37}},"loc":{"start":{"line":27,"column":77},"end":{"line":34,"column":2}}},"5":{"name":"(anonymous_13)","decl":{"start":{"line":27,"column":77},"end":{"line":27,"column":null}},"loc":{"start":{"line":27,"column":77},"end":{"line":34,"column":1}}}},"branchMap":{},"s":{"0":1,"1":1,"2":1,"3":0,"4":0,"5":0,"6":0,"7":0,"8":1,"9":1,"10":1,"11":1,"12":1,"13":1,"14":1,"15":0,"16":1,"17":1,"18":0,"19":0,"20":0,"21":0,"22":0,"23":1},"f":{"0":0,"1":0,"2":1,"3":1,"4":0,"5":0},"b":{}}
,"/Users/andrea/teaching/isa6-fullstack/api/src/controllers/user.ts": {"path":"/Users/andrea/teaching/isa6-fullstack/api/src/controllers/user.ts","statementMap":{"0":{"start":{"line":2,"column":0},"end":{"line":2,"column":31}},"1":{"start":{"line":3,"column":0},"end":{"line":3,"column":28}},"2":{"start":{"line":4,"column":0},"end":{"line":4,"column":28}},"3":{"start":{"line":6,"column":0},"end":{"line":6,"column":51}},"4":{"start":{"line":7,"column":0},"end":{"line":7,"column":43}},"5":{"start":{"line":9,"column":26},"end":{"line":24,"column":2}},"6":{"start":{"line":9,"column":73},"end":{"line":24,"column":2}},"7":{"start":{"line":10,"column":2},"end":{"line":23,"column":null}},"8":{"start":{"line":11,"column":43},"end":{"line":11,"column":55}},"9":{"start":{"line":12,"column":23},"end":{"line":12,"column":47}},"10":{"start":{"line":13,"column":27},"end":{"line":13,"column":66}},"11":{"start":{"line":14,"column":20},"end":{"line":18,"column":6}},"12":{"start":{"line":19,"column":17},"end":{"line":19,"column":54}},"13":{"start":{"line":20,"column":4},"end":{"line":20,"column":24}},"14":{"start":{"line":22,"column":4},"end":{"line":22,"column":23}},"15":{"start":{"line":9,"column":13},"end":{"line":9,"column":26}},"16":{"start":{"line":26,"column":0},"end":{"line":26,"column":16}},"17":{"start":{"line":27,"column":19},"end":{"line":27,"column":51}},"18":{"start":{"line":29,"column":33},"end":{"line":58,"column":2}},"19":{"start":{"line":32,"column":4},"end":{"line":58,"column":2}},"20":{"start":{"line":33,"column":19},"end":{"line":33,"column":72}},"21":{"start":{"line":34,"column":2},"end":{"line":37,"column":null}},"22":{"start":{"line":35,"column":4},"end":{"line":35,"column":76}},"23":{"start":{"line":36,"column":4},"end":{"line":36,"column":11}},"24":{"start":{"line":38,"column":27},"end":{"line":38,"column":44}},"25":{"start":{"line":39,"column":24},"end":{"line":39,"column":45}},"26":{"start":{"line":41,"column":16},"end":{"line":41,"column":69}},"27":{"start":{"line":42,"column":2},"end":{"line":45,"column":null}},"28":{"start":{"line":43,"column":4},"end":{"line":43,"column":61}},"29":{"start":{"line":44,"column":4},"end":{"line":44,"column":11}},"30":{"start":{"line":46,"column":16},"end":{"line":55,"column":null}},"31":{"start":{"line":57,"column":2},"end":{"line":57,"column":37}},"32":{"start":{"line":29,"column":13},"end":{"line":29,"column":33}},"33":{"start":{"line":60,"column":30},"end":{"line":69,"column":2}},"34":{"start":{"line":60,"column":68},"end":{"line":69,"column":2}},"35":{"start":{"line":61,"column":2},"end":{"line":68,"column":null}},"36":{"start":{"line":62,"column":19},"end":{"line":62,"column":27}},"37":{"start":{"line":63,"column":19},"end":{"line":63,"column":36}},"38":{"start":{"line":64,"column":24},"end":{"line":64,"column":68}},"39":{"start":{"line":65,"column":4},"end":{"line":65,"column":26}},"40":{"start":{"line":67,"column":4},"end":{"line":67,"column":23}},"41":{"start":{"line":60,"column":13},"end":{"line":60,"column":30}}},"fnMap":{"0":{"name":"(anonymous_8)","decl":{"start":{"line":9,"column":26},"end":{"line":9,"column":33}},"loc":{"start":{"line":9,"column":73},"end":{"line":24,"column":2}}},"1":{"name":"(anonymous_9)","decl":{"start":{"line":9,"column":73},"end":{"line":9,"column":null}},"loc":{"start":{"line":9,"column":73},"end":{"line":24,"column":1}}},"2":{"name":"(anonymous_10)","decl":{"start":{"line":29,"column":33},"end":{"line":29,"column":null}},"loc":{"start":{"line":32,"column":4},"end":{"line":58,"column":2}}},"3":{"name":"(anonymous_11)","decl":{"start":{"line":32,"column":4},"end":{"line":32,"column":null}},"loc":{"start":{"line":32,"column":4},"end":{"line":58,"column":1}}},"4":{"name":"(anonymous_12)","decl":{"start":{"line":60,"column":30},"end":{"line":60,"column":37}},"loc":{"start":{"line":60,"column":68},"end":{"line":69,"column":2}}},"5":{"name":"(anonymous_13)","decl":{"start":{"line":60,"column":68},"end":{"line":60,"column":null}},"loc":{"start":{"line":60,"column":68},"end":{"line":69,"column":1}}}},"branchMap":{"0":{"loc":{"start":{"line":34,"column":2},"end":{"line":37,"column":null}},"type":"if","locations":[{"start":{"line":34,"column":2},"end":{"line":37,"column":null}}]},"1":{"loc":{"start":{"line":42,"column":2},"end":{"line":45,"column":null}},"type":"if","locations":[{"start":{"line":42,"column":2},"end":{"line":45,"column":null}}]}},"s":{"0":1,"1":1,"2":1,"3":1,"4":1,"5":1,"6":0,"7":0,"8":0,"9":0,"10":0,"11":0,"12":0,"13":0,"14":0,"15":1,"16":1,"17":1,"18":1,"19":0,"20":0,"21":0,"22":0,"23":0,"24":0,"25":0,"26":0,"27":0,"28":0,"29":0,"30":0,"31":0,"32":1,"33":1,"34":0,"35":0,"36":0,"37":0,"38":0,"39":0,"40":0,"41":1},"f":{"0":0,"1":0,"2":0,"3":0,"4":0,"5":0},"b":{"0":[0],"1":[0]}}
,"/Users/andrea/teaching/isa6-fullstack/api/src/model/Order.ts": {"path":"/Users/andrea/teaching/isa6-fullstack/api/src/model/Order.ts","statementMap":{"0":{"start":{"line":1,"column":0},"end":{"line":1,"column":46}},"1":{"start":{"line":9,"column":27},"end":{"line":19,"column":2}},"2":{"start":{"line":27,"column":20},"end":{"line":37,"column":2}},"3":{"start":{"line":39,"column":0},"end":{"line":39,"column":67}}},"fnMap":{},"branchMap":{},"s":{"0":1,"1":1,"2":1,"3":1},"f":{},"b":{}}
,"/Users/andrea/teaching/isa6-fullstack/api/src/model/Product.ts": {"path":"/Users/andrea/teaching/isa6-fullstack/api/src/model/Product.ts","statementMap":{"0":{"start":{"line":1,"column":0},"end":{"line":1,"column":46}},"1":{"start":{"line":9,"column":13},"end":{"line":21,"column":3}},"2":{"start":{"line":23,"column":0},"end":{"line":23,"column":73}}},"fnMap":{},"branchMap":{},"s":{"0":1,"1":1,"2":1},"f":{},"b":{}}
,"/Users/andrea/teaching/isa6-fullstack/api/src/model/User.ts": {"path":"/Users/andrea/teaching/isa6-fullstack/api/src/model/User.ts","statementMap":{"0":{"start":{"line":1,"column":0},"end":{"line":1,"column":46}},"1":{"start":{"line":10,"column":19},"end":{"line":27,"column":2}},"2":{"start":{"line":29,"column":0},"end":{"line":29,"column":64}}},"fnMap":{},"branchMap":{},"s":{"0":1,"1":1,"2":1},"f":{},"b":{}}
,"/Users/andrea/teaching/isa6-fullstack/api/src/routes/order.ts": {"path":"/Users/andrea/teaching/isa6-fullstack/api/src/routes/order.ts","statementMap":{"0":{"start":{"line":1,"column":0},"end":{"line":1,"column":29}},"1":{"start":{"line":2,"column":0},"end":{"line":2,"column":32}},"2":{"start":{"line":4,"column":0},"end":{"line":4,"column":79}},"3":{"start":{"line":6,"column":15},"end":{"line":6,"column":23}},"4":{"start":{"line":7,"column":0},"end":{"line":11,"column":2}},"5":{"start":{"line":12,"column":0},"end":{"line":16,"column":2}},"6":{"start":{"line":18,"column":0},"end":{"line":18,"column":22}}},"fnMap":{},"branchMap":{},"s":{"0":1,"1":1,"2":1,"3":1,"4":1,"5":1,"6":1},"f":{},"b":{}}
,"/Users/andrea/teaching/isa6-fullstack/api/src/routes/products.ts": {"path":"/Users/andrea/teaching/isa6-fullstack/api/src/routes/products.ts","statementMap":{"0":{"start":{"line":1,"column":0},"end":{"line":1,"column":29}},"1":{"start":{"line":3,"column":0},"end":{"line":3,"column":null}},"2":{"start":{"line":9,"column":15},"end":{"line":9,"column":23}},"3":{"start":{"line":11,"column":0},"end":{"line":11,"column":32}},"4":{"start":{"line":12,"column":0},"end":{"line":12,"column":32}},"5":{"start":{"line":13,"column":0},"end":{"line":13,"column":35}},"6":{"start":{"line":15,"column":0},"end":{"line":15,"column":22}}},"fnMap":{},"branchMap":{},"s":{"0":1,"1":1,"2":1,"3":1,"4":1,"5":1,"6":1},"f":{},"b":{}}
,"/Users/andrea/teaching/isa6-fullstack/api/src/routes/user.ts": {"path":"/Users/andrea/teaching/isa6-fullstack/api/src/routes/user.ts","statementMap":{"0":{"start":{"line":1,"column":0},"end":{"line":1,"column":29}},"1":{"start":{"line":2,"column":0},"end":{"line":2,"column":32}},"2":{"start":{"line":4,"column":0},"end":{"line":4,"column":null}},"3":{"start":{"line":10,"column":15},"end":{"line":10,"column":23}},"4":{"start":{"line":12,"column":0},"end":{"line":12,"column":29}},"5":{"start":{"line":13,"column":0},"end":{"line":13,"column":41}},"6":{"start":{"line":14,"column":0},"end":{"line":18,"column":2}},"7":{"start":{"line":20,"column":0},"end":{"line":20,"column":22}}},"fnMap":{},"branchMap":{},"s":{"0":1,"1":1,"2":1,"3":1,"4":1,"5":1,"6":1,"7":1},"f":{},"b":{}}
,"/Users/andrea/teaching/isa6-fullstack/api/src/services/order.ts": {"path":"/Users/andrea/teaching/isa6-fullstack/api/src/services/order.ts","statementMap":{"0":{"start":{"line":1,"column":0},"end":{"line":1,"column":54}},"1":{"start":{"line":3,"column":20},"end":{"line":5,"column":2}},"2":{"start":{"line":3,"column":75},"end":{"line":5,"column":2}},"3":{"start":{"line":4,"column":2},"end":{"line":4,"column":22}},"4":{"start":{"line":7,"column":25},"end":{"line":11,"column":2}},"5":{"start":{"line":9,"column":30},"end":{"line":11,"column":2}},"6":{"start":{"line":10,"column":2},"end":{"line":10,"column":70}},"7":{"start":{"line":12,"column":0},"end":{"line":12,"column":49}}},"fnMap":{"0":{"name":"(anonymous_8)","decl":{"start":{"line":3,"column":20},"end":{"line":3,"column":27}},"loc":{"start":{"line":3,"column":75},"end":{"line":5,"column":2}}},"1":{"name":"(anonymous_9)","decl":{"start":{"line":3,"column":75},"end":{"line":3,"column":null}},"loc":{"start":{"line":3,"column":75},"end":{"line":5,"column":1}}},"2":{"name":"(anonymous_10)","decl":{"start":{"line":7,"column":25},"end":{"line":7,"column":null}},"loc":{"start":{"line":9,"column":30},"end":{"line":11,"column":2}}},"3":{"name":"(anonymous_11)","decl":{"start":{"line":9,"column":30},"end":{"line":9,"column":null}},"loc":{"start":{"line":9,"column":30},"end":{"line":11,"column":1}}}},"branchMap":{},"s":{"0":1,"1":1,"2":0,"3":0,"4":1,"5":0,"6":0,"7":1},"f":{"0":0,"1":0,"2":0,"3":0},"b":{}}
,"/Users/andrea/teaching/isa6-fullstack/api/src/services/product.ts": {"path":"/Users/andrea/teaching/isa6-fullstack/api/src/services/product.ts","statementMap":{"0":{"start":{"line":2,"column":0},"end":{"line":2,"column":39}},"1":{"start":{"line":4,"column":22},"end":{"line":8,"column":2}},"2":{"start":{"line":6,"column":30},"end":{"line":8,"column":2}},"3":{"start":{"line":7,"column":2},"end":{"line":7,"column":24}},"4":{"start":{"line":10,"column":23},"end":{"line":12,"column":2}},"5":{"start":{"line":10,"column":62},"end":{"line":12,"column":2}},"6":{"start":{"line":11,"column":2},"end":{"line":11,"column":42}},"7":{"start":{"line":14,"column":23},"end":{"line":19,"column":2}},"8":{"start":{"line":16,"column":37},"end":{"line":19,"column":2}},"9":{"start":{"line":17,"column":23},"end":{"line":17,"column":50}},"10":{"start":{"line":18,"column":2},"end":{"line":18,"column":22}},"11":{"start":{"line":21,"column":0},"end":{"line":25,"column":2}}},"fnMap":{"0":{"name":"(anonymous_8)","decl":{"start":{"line":4,"column":22},"end":{"line":4,"column":null}},"loc":{"start":{"line":6,"column":30},"end":{"line":8,"column":2}}},"1":{"name":"(anonymous_9)","decl":{"start":{"line":6,"column":30},"end":{"line":6,"column":null}},"loc":{"start":{"line":6,"column":30},"end":{"line":8,"column":1}}},"2":{"name":"(anonymous_10)","decl":{"start":{"line":10,"column":23},"end":{"line":10,"column":60}},"loc":{"start":{"line":10,"column":62},"end":{"line":12,"column":2}}},"3":{"name":"(anonymous_11)","decl":{"start":{"line":10,"column":62},"end":{"line":10,"column":null}},"loc":{"start":{"line":10,"column":62},"end":{"line":12,"column":1}}},"4":{"name":"(anonymous_12)","decl":{"start":{"line":14,"column":23},"end":{"line":14,"column":null}},"loc":{"start":{"line":16,"column":37},"end":{"line":19,"column":2}}},"5":{"name":"(anonymous_13)","decl":{"start":{"line":16,"column":37},"end":{"line":16,"column":null}},"loc":{"start":{"line":16,"column":37},"end":{"line":19,"column":1}}}},"branchMap":{},"s":{"0":1,"1":1,"2":1,"3":1,"4":1,"5":0,"6":0,"7":1,"8":0,"9":0,"10":0,"11":1},"f":{"0":1,"1":1,"2":0,"3":0,"4":0,"5":0},"b":{}}
,"/Users/andrea/teaching/isa6-fullstack/api/src/services/user.ts": {"path":"/Users/andrea/teaching/isa6-fullstack/api/src/services/user.ts","statementMap":{"0":{"start":{"line":1,"column":0},"end":{"line":1,"column":51}},"1":{"start":{"line":3,"column":19},"end":{"line":5,"column":2}},"2":{"start":{"line":3,"column":71},"end":{"line":5,"column":2}},"3":{"start":{"line":4,"column":2},"end":{"line":4,"column":21}},"4":{"start":{"line":7,"column":20},"end":{"line":10,"column":2}},"5":{"start":{"line":7,"column":75},"end":{"line":10,"column":2}},"6":{"start":{"line":8,"column":20},"end":{"line":8,"column":41}},"7":{"start":{"line":9,"column":2},"end":{"line":9,"column":19}},"8":{"start":{"line":12,"column":24},"end":{"line":17,"column":2}},"9":{"start":{"line":14,"column":34},"end":{"line":17,"column":2}},"10":{"start":{"line":15,"column":20},"end":{"line":15,"column":65}},"11":{"start":{"line":16,"column":2},"end":{"line":16,"column":19}},"12":{"start":{"line":19,"column":19},"end":{"line":27,"column":2}},"13":{"start":{"line":22,"column":34},"end":{"line":27,"column":2}},"14":{"start":{"line":23,"column":20},"end":{"line":25,"column":4}},"15":{"start":{"line":26,"column":2},"end":{"line":26,"column":19}},"16":{"start":{"line":29,"column":0},"end":{"line":34,"column":2}}},"fnMap":{"0":{"name":"(anonymous_8)","decl":{"start":{"line":3,"column":19},"end":{"line":3,"column":26}},"loc":{"start":{"line":3,"column":71},"end":{"line":5,"column":2}}},"1":{"name":"(anonymous_9)","decl":{"start":{"line":3,"column":71},"end":{"line":3,"column":null}},"loc":{"start":{"line":3,"column":71},"end":{"line":5,"column":1}}},"2":{"name":"(anonymous_10)","decl":{"start":{"line":7,"column":20},"end":{"line":7,"column":27}},"loc":{"start":{"line":7,"column":75},"end":{"line":10,"column":2}}},"3":{"name":"(anonymous_11)","decl":{"start":{"line":7,"column":75},"end":{"line":7,"column":null}},"loc":{"start":{"line":7,"column":75},"end":{"line":10,"column":1}}},"4":{"name":"(anonymous_12)","decl":{"start":{"line":12,"column":24},"end":{"line":12,"column":null}},"loc":{"start":{"line":14,"column":34},"end":{"line":17,"column":2}}},"5":{"name":"(anonymous_13)","decl":{"start":{"line":14,"column":34},"end":{"line":14,"column":null}},"loc":{"start":{"line":14,"column":34},"end":{"line":17,"column":1}}},"6":{"name":"(anonymous_14)","decl":{"start":{"line":19,"column":19},"end":{"line":19,"column":null}},"loc":{"start":{"line":22,"column":34},"end":{"line":27,"column":2}}},"7":{"name":"(anonymous_15)","decl":{"start":{"line":22,"column":34},"end":{"line":22,"column":null}},"loc":{"start":{"line":22,"column":34},"end":{"line":27,"column":1}}}},"branchMap":{},"s":{"0":1,"1":1,"2":0,"3":0,"4":1,"5":0,"6":0,"7":0,"8":1,"9":0,"10":0,"11":0,"12":1,"13":0,"14":0,"15":0,"16":1},"f":{"0":0,"1":0,"2":0,"3":0,"4":0,"5":0,"6":0,"7":0},"b":{}}
,"/Users/andrea/teaching/isa6-fullstack/api/src/sum/sum.ts": {"path":"/Users/andrea/teaching/isa6-fullstack/api/src/sum/sum.ts","statementMap":{"0":{"start":{"line":5,"column":2},"end":{"line":5,"column":15}},"1":{"start":{"line":4,"column":0},"end":{"line":4,"column":16}}},"fnMap":{"0":{"name":"sumNumbers","decl":{"start":{"line":4,"column":16},"end":{"line":4,"column":26}},"loc":{"start":{"line":4,"column":47},"end":{"line":6,"column":1}}}},"branchMap":{},"s":{"0":1,"1":1},"f":{"0":1},"b":{}}
,"/Users/andrea/teaching/isa6-fullstack/api/test/db-helper.ts": {"path":"/Users/andrea/teaching/isa6-fullstack/api/test/db-helper.ts","statementMap":{"0":{"start":{"line":1,"column":0},"end":{"line":1,"column":52}},"1":{"start":{"line":2,"column":0},"end":{"line":2,"column":58}},"2":{"start":{"line":5,"column":16},"end":{"line":28,"column":2}},"3":{"start":{"line":5,"column":27},"end":{"line":28,"column":2}},"4":{"start":{"line":6,"column":17},"end":{"line":6,"column":49}},"5":{"start":{"line":7,"column":14},"end":{"line":7,"column":29}},"6":{"start":{"line":9,"column":2},"end":{"line":12,"column":23}},"7":{"start":{"line":14,"column":2},"end":{"line":27,"column":4}},"8":{"start":{"line":15,"column":30},"end":{"line":19,"column":null}},"9":{"start":{"line":16,"column":6},"end":{"line":16,"column":47}},"10":{"start":{"line":17,"column":6},"end":{"line":17,"column":40}},"11":{"start":{"line":18,"column":6},"end":{"line":18,"column":26}},"12":{"start":{"line":20,"column":30},"end":{"line":26,"column":null}},"13":{"start":{"line":21,"column":26},"end":{"line":21,"column":57}},"14":{"start":{"line":22,"column":6},"end":{"line":25,"column":null}},"15":{"start":{"line":23,"column":27},"end":{"line":23,"column":43}},"16":{"start":{"line":24,"column":8},"end":{"line":24,"column":40}},"17":{"start":{"line":30,"column":0},"end":{"line":30,"column":23}}},"fnMap":{"0":{"name":"(anonymous_8)","decl":{"start":{"line":5,"column":16},"end":{"line":5,"column":25}},"loc":{"start":{"line":5,"column":27},"end":{"line":28,"column":2}}},"1":{"name":"(anonymous_9)","decl":{"start":{"line":5,"column":27},"end":{"line":5,"column":null}},"loc":{"start":{"line":5,"column":27},"end":{"line":28,"column":1}}},"2":{"name":"(anonymous_10)","decl":{"start":{"line":15,"column":19},"end":{"line":15,"column":28}},"loc":{"start":{"line":15,"column":30},"end":{"line":19,"column":null}}},"3":{"name":"(anonymous_11)","decl":{"start":{"line":15,"column":30},"end":{"line":15,"column":null}},"loc":{"start":{"line":15,"column":30},"end":{"line":19,"column":5}}},"4":{"name":"(anonymous_12)","decl":{"start":{"line":20,"column":19},"end":{"line":20,"column":28}},"loc":{"start":{"line":20,"column":30},"end":{"line":26,"column":null}}},"5":{"name":"(anonymous_13)","decl":{"start":{"line":20,"column":30},"end":{"line":20,"column":null}},"loc":{"start":{"line":20,"column":30},"end":{"line":26,"column":5}}}},"branchMap":{},"s":{"0":1,"1":1,"2":1,"3":1,"4":1,"5":1,"6":1,"7":1,"8":1,"9":1,"10":1,"11":1,"12":1,"13":1,"14":1,"15":3,"16":3,"17":1},"f":{"0":1,"1":1,"2":1,"3":1,"4":1,"5":1},"b":{}}
}
