TN:
SF:src/app.ts
FNF:0
FNH:0
DA:2,1
DA:3,1
DA:4,1
DA:6,1
DA:7,1
DA:8,1
DA:9,1
DA:11,1
DA:12,1
DA:13,1
DA:14,1
DA:15,1
DA:18,1
DA:19,1
DA:20,1
DA:22,1
LF:16
LH:16
BRF:0
BRH:0
end_of_record
TN:
SF:src/config/passport.ts
FN:14,(anonymous_8)
FN:14,(anonymous_9)
FNF:2
FNH:0
FNDA:0,(anonymous_8)
FNDA:0,(anonymous_9)
DA:1,1
DA:2,1
DA:4,1
DA:6,1
DA:7,1
DA:9,1
DA:14,0
DA:15,0
DA:16,0
DA:17,0
LF:10
LH:6
BRF:0
BRH:0
end_of_record
TN:
SF:src/controllers/order.ts
FN:5,(anonymous_8)
FN:5,(anonymous_9)
FN:18,(anonymous_10)
FN:21,(anonymous_11)
FNF:4
FNH:0
FNDA:0,(anonymous_8)
FNDA:0,(anonymous_9)
FNDA:0,(anonymous_10)
FNDA:0,(anonymous_11)
DA:2,1
DA:3,1
DA:5,1
DA:6,0
DA:7,0
DA:11,0
DA:12,0
DA:14,0
DA:18,1
DA:21,0
DA:22,0
DA:23,0
DA:24,0
DA:26,0
LF:14
LH:4
BRF:0
BRH:0
end_of_record
TN:
SF:src/controllers/products.ts
FN:5,(anonymous_8)
FN:5,(anonymous_9)
FN:14,(anonymous_10)
FN:14,(anonymous_11)
FN:27,(anonymous_12)
FN:27,(anonymous_13)
FNF:6
FNH:2
FNDA:0,(anonymous_8)
FNDA:0,(anonymous_9)
FNDA:1,(anonymous_10)
FNDA:1,(anonymous_11)
FNDA:0,(anonymous_12)
FNDA:0,(anonymous_13)
DA:2,1
DA:3,1
DA:5,1
DA:6,0
DA:7,0
DA:8,0
DA:10,0
DA:14,1
DA:15,1
DA:16,1
DA:20,1
DA:21,1
DA:23,0
DA:27,1
DA:28,0
DA:29,0
DA:30,0
DA:32,0
LF:18
LH:9
BRF:0
BRH:0
end_of_record
TN:
SF:src/controllers/user.ts
FN:9,(anonymous_8)
FN:9,(anonymous_9)
FN:29,(anonymous_10)
FN:32,(anonymous_11)
FN:60,(anonymous_12)
FN:60,(anonymous_13)
FNF:6
FNH:0
FNDA:0,(anonymous_8)
FNDA:0,(anonymous_9)
FNDA:0,(anonymous_10)
FNDA:0,(anonymous_11)
FNDA:0,(anonymous_12)
FNDA:0,(anonymous_13)
DA:2,1
DA:3,1
DA:4,1
DA:6,1
DA:7,1
DA:9,1
DA:10,0
DA:11,0
DA:12,0
DA:13,0
DA:14,0
DA:19,0
DA:20,0
DA:22,0
DA:26,1
DA:27,1
DA:29,1
DA:32,0
DA:33,0
DA:34,0
DA:35,0
DA:36,0
DA:38,0
DA:39,0
DA:41,0
DA:42,0
DA:43,0
DA:44,0
DA:46,0
DA:57,0
DA:60,1
DA:61,0
DA:62,0
DA:63,0
DA:64,0
DA:65,0
DA:67,0
LF:37
LH:10
BRDA:34,0,0,0
BRDA:42,1,0,0
BRF:2
BRH:0
end_of_record
TN:
SF:src/model/Order.ts
FNF:0
FNH:0
DA:1,1
DA:9,1
DA:27,1
DA:39,1
LF:4
LH:4
BRF:0
BRH:0
end_of_record
TN:
SF:src/model/Product.ts
FNF:0
FNH:0
DA:1,1
DA:9,1
DA:23,1
LF:3
LH:3
BRF:0
BRH:0
end_of_record
TN:
SF:src/model/User.ts
FNF:0
FNH:0
DA:1,1
DA:10,1
DA:29,1
LF:3
LH:3
BRF:0
BRH:0
end_of_record
TN:
SF:src/routes/order.ts
FNF:0
FNH:0
DA:1,1
DA:2,1
DA:4,1
DA:6,1
DA:7,1
DA:12,1
DA:18,1
LF:7
LH:7
BRF:0
BRH:0
end_of_record
TN:
SF:src/routes/products.ts
FNF:0
FNH:0
DA:1,1
DA:3,1
DA:9,1
DA:11,1
DA:12,1
DA:13,1
DA:15,1
LF:7
LH:7
BRF:0
BRH:0
end_of_record
TN:
SF:src/routes/user.ts
FNF:0
FNH:0
DA:1,1
DA:2,1
DA:4,1
DA:10,1
DA:12,1
DA:13,1
DA:14,1
DA:20,1
LF:8
LH:8
BRF:0
BRH:0
end_of_record
TN:
SF:src/services/order.ts
FN:3,(anonymous_8)
FN:3,(anonymous_9)
FN:7,(anonymous_10)
FN:9,(anonymous_11)
FNF:4
FNH:0
FNDA:0,(anonymous_8)
FNDA:0,(anonymous_9)
FNDA:0,(anonymous_10)
FNDA:0,(anonymous_11)
DA:1,1
DA:3,1
DA:4,0
DA:7,1
DA:9,0
DA:10,0
DA:12,1
LF:7
LH:4
BRF:0
BRH:0
end_of_record
TN:
SF:src/services/product.ts
FN:4,(anonymous_8)
FN:6,(anonymous_9)
FN:10,(anonymous_10)
FN:10,(anonymous_11)
FN:14,(anonymous_12)
FN:16,(anonymous_13)
FNF:6
FNH:2
FNDA:1,(anonymous_8)
FNDA:1,(anonymous_9)
FNDA:0,(anonymous_10)
FNDA:0,(anonymous_11)
FNDA:0,(anonymous_12)
FNDA:0,(anonymous_13)
DA:2,1
DA:4,1
DA:6,1
DA:7,1
DA:10,1
DA:11,0
DA:14,1
DA:16,0
DA:17,0
DA:18,0
DA:21,1
LF:11
LH:7
BRF:0
BRH:0
end_of_record
TN:
SF:src/services/user.ts
FN:3,(anonymous_8)
FN:3,(anonymous_9)
FN:7,(anonymous_10)
FN:7,(anonymous_11)
FN:12,(anonymous_12)
FN:14,(anonymous_13)
FN:19,(anonymous_14)
FN:22,(anonymous_15)
FNF:8
FNH:0
FNDA:0,(anonymous_8)
FNDA:0,(anonymous_9)
FNDA:0,(anonymous_10)
FNDA:0,(anonymous_11)
FNDA:0,(anonymous_12)
FNDA:0,(anonymous_13)
FNDA:0,(anonymous_14)
FNDA:0,(anonymous_15)
DA:1,1
DA:3,1
DA:4,0
DA:7,1
DA:8,0
DA:9,0
DA:12,1
DA:14,0
DA:15,0
DA:16,0
DA:19,1
DA:22,0
DA:23,0
DA:26,0
DA:29,1
LF:15
LH:6
BRF:0
BRH:0
end_of_record
TN:
SF:src/sum/sum.ts
FN:4,sumNumbers
FNF:1
FNH:1
FNDA:1,sumNumbers
DA:4,1
DA:5,1
LF:2
LH:2
BRF:0
BRH:0
end_of_record
TN:
SF:test/db-helper.ts
FN:5,(anonymous_8)
FN:5,(anonymous_9)
FN:15,(anonymous_10)
FN:15,(anonymous_11)
FN:20,(anonymous_12)
FN:20,(anonymous_13)
FNF:6
FNH:6
FNDA:1,(anonymous_8)
FNDA:1,(anonymous_9)
FNDA:1,(anonymous_10)
FNDA:1,(anonymous_11)
FNDA:1,(anonymous_12)
FNDA:1,(anonymous_13)
DA:1,1
DA:2,1
DA:5,1
DA:6,1
DA:7,1
DA:9,1
DA:14,1
DA:15,1
DA:16,1
DA:17,1
DA:18,1
DA:20,1
DA:21,1
DA:22,1
DA:23,3
DA:24,3
DA:30,1
LF:17
LH:17
BRF:0
BRH:0
end_of_record
